2018-07-10 09:00:18,070 - record_log.py[line:33]-fuc:_console - INFO:--点击登陆，进入登陆页面
2018-07-10 09:00:22,722 - record_log.py[line:33]-fuc:_console - INFO:--登录页面输入用户名和密码
2018-07-10 09:00:22,850 - record_log.py[line:33]-fuc:_console - INFO:--输入验证码
2018-07-10 09:00:28,209 - record_log.py[line:33]-fuc:_console - INFO:--点击登陆按钮，用户登陆
2018-07-10 09:00:30,079 - record_log.py[line:33]-fuc:_console - INFO:--进入我投标的借款页面
2018-07-10 09:00:30,443 - record_log.py[line:33]-fuc:_console - INFO:--获取货款列表信息
2018-07-10 09:00:31,237 - record_log.py[line:33]-fuc:_console - INFO:--后端管理员登陆页面，输入用户名和密码
2018-07-10 09:00:31,430 - record_log.py[line:33]-fuc:_console - INFO:--后端页面，输入验证码
2018-07-10 09:00:31,828 - record_log.py[line:33]-fuc:_console - INFO:--点击后端登陆按钮
2018-07-10 09:00:34,339 - record_log.py[line:33]-fuc:_console - INFO:--进入投资记录
2018-07-10 09:00:34,970 - record_log.py[line:33]-fuc:_console - INFO:--搜索用户的投标操作信息
2018-07-10 09:00:35,158 - record_log.py[line:33]-fuc:_console - INFO:--获取当前用户的投标信息
2018-07-10 09:00:36,194 - record_log.py[line:33]-fuc:_console - INFO:--输入用户名和密码
2018-07-10 09:00:36,583 - record_log.py[line:33]-fuc:_console - INFO:--点击前端登陆，直接登陆
2018-07-10 09:00:37,247 - record_log.py[line:33]-fuc:_console - INFO:--进入我要投资页面
2018-07-10 09:00:37,521 - record_log.py[line:33]-fuc:_console - INFO:--选择质押标
2018-07-10 09:00:38,204 - record_log.py[line:33]-fuc:_console - INFO:--点击立即投标
2018-07-10 09:00:43,709 - record_log.py[line:33]-fuc:_console - INFO:--进入我投标的借款页面
2018-07-10 09:00:44,274 - record_log.py[line:33]-fuc:_console - INFO:--搜索框中输入内容
2018-07-10 09:00:44,382 - record_log.py[line:33]-fuc:_console - INFO:--返回我的投标借款内容
2018-07-10 09:00:46,582 - record_log.py[line:33]-fuc:_console - INFO:--退出
