2018-07-09 19:29:13,779 - record_log.py[line:33]-fuc:_console - INFO:--点击登陆，进入登陆页面
2018-07-09 19:29:14,191 - record_log.py[line:33]-fuc:_console - INFO:--登录页面输入用户名和密码
2018-07-09 19:29:14,339 - record_log.py[line:33]-fuc:_console - INFO:--输入验证码
2018-07-09 19:29:14,638 - record_log.py[line:33]-fuc:_console - INFO:--点击登陆按钮，用户登陆
2018-07-09 19:29:15,417 - record_log.py[line:33]-fuc:_console - INFO:--进入我投标的借款页面
2018-07-09 19:29:15,797 - record_log.py[line:33]-fuc:_console - INFO:--获取货款列表信息
2018-07-09 19:29:16,430 - record_log.py[line:33]-fuc:_console - INFO:--后端管理员登陆页面，输入用户名和密码
2018-07-09 19:29:16,664 - record_log.py[line:33]-fuc:_console - INFO:--后端页面，输入验证码
2018-07-09 19:29:17,021 - record_log.py[line:33]-fuc:_console - INFO:--点击后端登陆按钮
2018-07-09 19:29:18,025 - record_log.py[line:33]-fuc:_console - INFO:--输入用户名和密码
2018-07-09 19:29:18,445 - record_log.py[line:33]-fuc:_console - INFO:--点击前端登陆，直接登陆
2018-07-09 19:29:18,874 - record_log.py[line:33]-fuc:_console - INFO:--进入我要投资页面
2018-07-09 19:29:19,276 - record_log.py[line:33]-fuc:_console - INFO:--获取所有质押标title信息
2018-07-09 19:29:19,724 - record_log.py[line:33]-fuc:_console - INFO:--获取所有抵押标title信息
2018-07-09 19:29:20,234 - record_log.py[line:33]-fuc:_console - INFO:--获取所有质押标title信息
2018-07-09 19:29:20,235 - record_log.py[line:33]-fuc:_console - INFO:--获取我要投资页面所有标的title信息
2018-07-09 19:29:20,253 - record_log.py[line:33]-fuc:_console - INFO:--获取数据库所有标的title信息
2018-07-09 19:29:20,604 - record_log.py[line:33]-fuc:_console - INFO:--退出
2018-07-09 19:29:21,362 - record_log.py[line:33]-fuc:_console - INFO:--点击登陆，进入登陆页面
2018-07-09 19:29:21,818 - record_log.py[line:33]-fuc:_console - INFO:--登录页面输入用户名和密码
2018-07-09 19:29:21,955 - record_log.py[line:33]-fuc:_console - INFO:--输入验证码
2018-07-09 19:29:22,281 - record_log.py[line:33]-fuc:_console - INFO:--点击登陆按钮，用户登陆
2018-07-09 19:29:22,406 - record_log.py[line:33]-fuc:_console - INFO:--进入我要借款页面
2018-07-09 19:29:22,851 - record_log.py[line:33]-fuc:_console - INFO:--进入发布抵押标页面
2018-07-09 19:29:23,534 - record_log.py[line:33]-fuc:_console - INFO:--输入主题内容
2018-07-09 19:29:23,679 - record_log.py[line:33]-fuc:_console - INFO:--输入年利率
2018-07-09 19:29:23,932 - record_log.py[line:33]-fuc:_console - INFO:--输入借款金额
2018-07-09 19:29:24,046 - record_log.py[line:33]-fuc:_console - INFO:--选择借款内容
2018-07-09 19:29:24,176 - record_log.py[line:33]-fuc:_console - INFO:--选择借款类型
2018-07-09 19:29:24,256 - record_log.py[line:33]-fuc:_console - INFO:--选择还款类容
2018-07-09 19:29:24,356 - record_log.py[line:33]-fuc:_console - INFO:--选择有效时间
2018-07-09 19:29:24,457 - record_log.py[line:33]-fuc:_console - INFO:--选择最低投标金额
2018-07-09 19:29:24,598 - record_log.py[line:33]-fuc:_console - INFO:--选择最高投标金额
2018-07-09 19:29:38,578 - record_log.py[line:33]-fuc:_console - INFO:--获取并输入验证码
2018-07-09 19:29:39,082 - record_log.py[line:33]-fuc:_console - INFO:--点击“确认投标”按钮
2018-07-09 19:29:39,375 - record_log.py[line:33]-fuc:_console - INFO:--点击“退出”按钮
2018-07-09 19:29:39,994 - record_log.py[line:33]-fuc:_console - INFO:--后端管理员登陆页面，输入用户名和密码
2018-07-09 19:29:40,209 - record_log.py[line:33]-fuc:_console - INFO:--后端页面，输入验证码
2018-07-09 19:29:40,490 - record_log.py[line:33]-fuc:_console - INFO:--点击后端登陆按钮
2018-07-09 19:29:48,263 - record_log.py[line:33]-fuc:_console - INFO:--输入用户名和密码
2018-07-09 19:29:48,669 - record_log.py[line:33]-fuc:_console - INFO:--点击前端登陆，直接登陆
2018-07-09 19:29:49,111 - record_log.py[line:33]-fuc:_console - INFO:--进入我要投资页面
2018-07-09 19:29:49,449 - record_log.py[line:33]-fuc:_console - INFO:--选择质押标
2018-07-09 19:29:50,081 - record_log.py[line:33]-fuc:_console - INFO:--点击立即投标
2018-07-09 19:29:53,415 - record_log.py[line:33]-fuc:_console - INFO:--进入我投标的借款页面
2018-07-09 19:29:53,968 - record_log.py[line:33]-fuc:_console - INFO:--搜索框中输入内容
2018-07-09 19:29:54,102 - record_log.py[line:33]-fuc:_console - INFO:--返回我的投标借款内容
2018-07-09 19:29:54,363 - record_log.py[line:33]-fuc:_console - INFO:--退出
2018-07-09 19:29:55,170 - record_log.py[line:33]-fuc:_console - INFO:--点击登陆，进入登陆页面
2018-07-09 19:29:55,521 - record_log.py[line:33]-fuc:_console - INFO:--登录页面输入用户名和密码
2018-07-09 19:29:55,669 - record_log.py[line:33]-fuc:_console - INFO:--输入验证码
2018-07-09 19:29:55,964 - record_log.py[line:33]-fuc:_console - INFO:--点击登陆按钮，用户登陆
2018-07-09 19:29:56,077 - record_log.py[line:33]-fuc:_console - INFO:--进入我要借款页面
2018-07-09 19:29:56,407 - record_log.py[line:33]-fuc:_console - INFO:--进入发布抵押标页面
2018-07-09 19:29:56,963 - record_log.py[line:33]-fuc:_console - INFO:--输入主题内容
2018-07-09 19:29:57,092 - record_log.py[line:33]-fuc:_console - INFO:--输入年利率
2018-07-09 19:29:57,363 - record_log.py[line:33]-fuc:_console - INFO:--输入借款金额
2018-07-09 19:29:57,473 - record_log.py[line:33]-fuc:_console - INFO:--选择借款内容
2018-07-09 19:29:57,590 - record_log.py[line:33]-fuc:_console - INFO:--选择借款类型
2018-07-09 19:29:57,673 - record_log.py[line:33]-fuc:_console - INFO:--选择还款类容
2018-07-09 19:29:57,767 - record_log.py[line:33]-fuc:_console - INFO:--选择有效时间
2018-07-09 19:29:57,868 - record_log.py[line:33]-fuc:_console - INFO:--选择最低投标金额
2018-07-09 19:29:57,961 - record_log.py[line:33]-fuc:_console - INFO:--选择最高投标金额
2018-07-09 19:30:11,666 - record_log.py[line:33]-fuc:_console - INFO:--获取并输入验证码
2018-07-09 19:30:12,146 - record_log.py[line:33]-fuc:_console - INFO:--点击“确认投标”按钮
2018-07-09 19:30:12,583 - record_log.py[line:33]-fuc:_console - INFO:--点击“退出”按钮
2018-07-09 19:30:13,434 - record_log.py[line:33]-fuc:_console - INFO:--后端管理员登陆页面，输入用户名和密码
2018-07-09 19:30:13,607 - record_log.py[line:33]-fuc:_console - INFO:--后端页面，输入验证码
2018-07-09 19:30:13,923 - record_log.py[line:33]-fuc:_console - INFO:--点击后端登陆按钮
