2018-07-09 14:16:16,889 - record_log.py[line:33]-fuc:_console - INFO:--点击登陆，进入登陆页面
2018-07-09 14:16:17,344 - record_log.py[line:33]-fuc:_console - INFO:--登录页面输入用户名和密码
2018-07-09 14:16:17,530 - record_log.py[line:33]-fuc:_console - INFO:--输入验证码
2018-07-09 14:16:17,862 - record_log.py[line:33]-fuc:_console - INFO:--点击登陆按钮，用户登陆
2018-07-09 14:16:18,606 - record_log.py[line:33]-fuc:_console - INFO:--进入我投标的借款页面
2018-07-09 14:16:19,015 - record_log.py[line:33]-fuc:_console - INFO:--获取货款列表信息
2018-07-09 14:16:19,639 - record_log.py[line:33]-fuc:_console - INFO:--后端管理员登陆页面，输入用户名和密码
2018-07-09 14:16:19,881 - record_log.py[line:33]-fuc:_console - INFO:--后端页面，输入验证码
2018-07-09 14:16:20,238 - record_log.py[line:33]-fuc:_console - INFO:--点击后端登陆按钮
2018-07-09 14:16:22,406 - record_log.py[line:33]-fuc:_console - INFO:--进入投资记录
2018-07-09 14:16:22,814 - record_log.py[line:33]-fuc:_console - INFO:--搜索用户的投标操作信息
2018-07-09 14:16:22,953 - record_log.py[line:33]-fuc:_console - INFO:--获取当前用户的投标信息
2018-07-09 14:16:23,747 - record_log.py[line:33]-fuc:_console - INFO:--输入用户名和密码
2018-07-09 14:16:24,066 - record_log.py[line:33]-fuc:_console - INFO:--点击前端登陆，直接登陆
2018-07-09 14:16:24,493 - record_log.py[line:33]-fuc:_console - INFO:--进入我要投资页面
2018-07-09 14:16:24,821 - record_log.py[line:33]-fuc:_console - INFO:--获取所有质押标title信息
2018-07-09 14:16:25,184 - record_log.py[line:33]-fuc:_console - INFO:--获取所有抵押标title信息
2018-07-09 14:16:25,600 - record_log.py[line:33]-fuc:_console - INFO:--获取所有质押标title信息
2018-07-09 14:16:25,600 - record_log.py[line:33]-fuc:_console - INFO:--获取我要投资页面所有标的title信息
2018-07-09 14:16:25,619 - record_log.py[line:33]-fuc:_console - INFO:--获取数据库所有标的title信息
2018-07-09 14:16:25,860 - record_log.py[line:33]-fuc:_console - INFO:--退出
2018-07-09 14:16:26,580 - record_log.py[line:33]-fuc:_console - INFO:--点击登陆，进入登陆页面
2018-07-09 14:16:26,915 - record_log.py[line:33]-fuc:_console - INFO:--登录页面输入用户名和密码
2018-07-09 14:16:27,041 - record_log.py[line:33]-fuc:_console - INFO:--输入验证码
2018-07-09 14:16:27,327 - record_log.py[line:33]-fuc:_console - INFO:--点击登陆按钮，用户登陆
2018-07-09 14:16:27,439 - record_log.py[line:33]-fuc:_console - INFO:--进入我要借款页面
2018-07-09 14:16:27,882 - record_log.py[line:33]-fuc:_console - INFO:--进入发布抵押标页面
2018-07-09 14:16:28,509 - record_log.py[line:33]-fuc:_console - INFO:--输入主题内容
2018-07-09 14:16:28,714 - record_log.py[line:33]-fuc:_console - INFO:--输入年利率
2018-07-09 14:16:28,928 - record_log.py[line:33]-fuc:_console - INFO:--输入借款金额
2018-07-09 14:16:29,059 - record_log.py[line:33]-fuc:_console - INFO:--选择借款内容
2018-07-09 14:16:29,171 - record_log.py[line:33]-fuc:_console - INFO:--选择借款类型
2018-07-09 14:16:29,263 - record_log.py[line:33]-fuc:_console - INFO:--选择还款类容
2018-07-09 14:16:29,358 - record_log.py[line:33]-fuc:_console - INFO:--选择有效时间
2018-07-09 14:16:29,472 - record_log.py[line:33]-fuc:_console - INFO:--选择最低投标金额
2018-07-09 14:16:29,551 - record_log.py[line:33]-fuc:_console - INFO:--选择最高投标金额
2018-07-09 14:16:43,413 - record_log.py[line:33]-fuc:_console - INFO:--获取并输入验证码
2018-07-09 14:16:43,833 - record_log.py[line:33]-fuc:_console - INFO:--点击“确认投标”按钮
2018-07-09 14:16:44,174 - record_log.py[line:33]-fuc:_console - INFO:--点击“退出”按钮
2018-07-09 14:16:44,839 - record_log.py[line:33]-fuc:_console - INFO:--后端管理员登陆页面，输入用户名和密码
2018-07-09 14:16:45,085 - record_log.py[line:33]-fuc:_console - INFO:--后端页面，输入验证码
2018-07-09 14:16:45,495 - record_log.py[line:33]-fuc:_console - INFO:--点击后端登陆按钮
2018-07-09 14:16:50,328 - record_log.py[line:33]-fuc:_console - INFO:--输入用户名和密码
2018-07-09 14:16:50,693 - record_log.py[line:33]-fuc:_console - INFO:--点击前端登陆，直接登陆
2018-07-09 14:16:51,075 - record_log.py[line:33]-fuc:_console - INFO:--进入我要投资页面
2018-07-09 14:16:51,361 - record_log.py[line:33]-fuc:_console - INFO:--选择质押标
2018-07-09 14:16:51,991 - record_log.py[line:33]-fuc:_console - INFO:--点击立即投标
2018-07-09 14:16:55,079 - record_log.py[line:33]-fuc:_console - INFO:--进入我投标的借款页面
2018-07-09 14:16:55,590 - record_log.py[line:33]-fuc:_console - INFO:--搜索框中输入内容
2018-07-09 14:16:55,692 - record_log.py[line:33]-fuc:_console - INFO:--返回我的投标借款内容
2018-07-09 14:16:55,969 - record_log.py[line:33]-fuc:_console - INFO:--退出
2018-07-09 14:16:56,743 - record_log.py[line:33]-fuc:_console - INFO:--点击登陆，进入登陆页面
2018-07-09 14:16:57,226 - record_log.py[line:33]-fuc:_console - INFO:--登录页面输入用户名和密码
2018-07-09 14:16:57,361 - record_log.py[line:33]-fuc:_console - INFO:--输入验证码
2018-07-09 14:16:57,674 - record_log.py[line:33]-fuc:_console - INFO:--点击登陆按钮，用户登陆
2018-07-09 14:16:57,783 - record_log.py[line:33]-fuc:_console - INFO:--进入我要借款页面
2018-07-09 14:16:58,171 - record_log.py[line:33]-fuc:_console - INFO:--进入发布抵押标页面
2018-07-09 14:16:58,828 - record_log.py[line:33]-fuc:_console - INFO:--输入主题内容
2018-07-09 14:16:58,994 - record_log.py[line:33]-fuc:_console - INFO:--输入年利率
2018-07-09 14:16:59,253 - record_log.py[line:33]-fuc:_console - INFO:--输入借款金额
2018-07-09 14:16:59,391 - record_log.py[line:33]-fuc:_console - INFO:--选择借款内容
2018-07-09 14:16:59,521 - record_log.py[line:33]-fuc:_console - INFO:--选择借款类型
2018-07-09 14:16:59,601 - record_log.py[line:33]-fuc:_console - INFO:--选择还款类容
2018-07-09 14:16:59,695 - record_log.py[line:33]-fuc:_console - INFO:--选择有效时间
2018-07-09 14:16:59,802 - record_log.py[line:33]-fuc:_console - INFO:--选择最低投标金额
2018-07-09 14:16:59,879 - record_log.py[line:33]-fuc:_console - INFO:--选择最高投标金额
2018-07-09 14:17:13,567 - record_log.py[line:33]-fuc:_console - INFO:--获取并输入验证码
2018-07-09 14:17:13,990 - record_log.py[line:33]-fuc:_console - INFO:--点击“确认投标”按钮
2018-07-09 14:17:14,293 - record_log.py[line:33]-fuc:_console - INFO:--点击“退出”按钮
2018-07-09 14:17:14,874 - record_log.py[line:33]-fuc:_console - INFO:--后端管理员登陆页面，输入用户名和密码
2018-07-09 14:17:15,059 - record_log.py[line:33]-fuc:_console - INFO:--后端页面，输入验证码
2018-07-09 14:17:15,447 - record_log.py[line:33]-fuc:_console - INFO:--点击后端登陆按钮
