2018-07-09 19:35:00,328 - record_log.py[line:33]-fuc:_console - INFO:--点击登陆，进入登陆页面
2018-07-09 19:35:00,710 - record_log.py[line:33]-fuc:_console - INFO:--登录页面输入用户名和密码
2018-07-09 19:35:00,858 - record_log.py[line:33]-fuc:_console - INFO:--输入验证码
2018-07-09 19:35:01,164 - record_log.py[line:33]-fuc:_console - INFO:--点击登陆按钮，用户登陆
2018-07-09 19:35:01,873 - record_log.py[line:33]-fuc:_console - INFO:--进入我投标的借款页面
2018-07-09 19:35:02,239 - record_log.py[line:33]-fuc:_console - INFO:--获取货款列表信息
2018-07-09 19:35:02,822 - record_log.py[line:33]-fuc:_console - INFO:--后端管理员登陆页面，输入用户名和密码
2018-07-09 19:35:03,012 - record_log.py[line:33]-fuc:_console - INFO:--后端页面，输入验证码
2018-07-09 19:35:03,325 - record_log.py[line:33]-fuc:_console - INFO:--点击后端登陆按钮
2018-07-09 19:35:05,354 - record_log.py[line:33]-fuc:_console - INFO:--进入投资记录
2018-07-09 19:35:05,749 - record_log.py[line:33]-fuc:_console - INFO:--搜索用户的投标操作信息
2018-07-09 19:35:05,901 - record_log.py[line:33]-fuc:_console - INFO:--获取当前用户的投标信息
2018-07-09 19:35:06,613 - record_log.py[line:33]-fuc:_console - INFO:--输入用户名和密码
2018-07-09 19:35:06,996 - record_log.py[line:33]-fuc:_console - INFO:--点击前端登陆，直接登陆
2018-07-09 19:35:07,426 - record_log.py[line:33]-fuc:_console - INFO:--进入我要投资页面
2018-07-09 19:35:07,711 - record_log.py[line:33]-fuc:_console - INFO:--选择质押标
2018-07-09 19:35:08,321 - record_log.py[line:33]-fuc:_console - INFO:--点击立即投标
2018-07-09 19:35:11,328 - record_log.py[line:33]-fuc:_console - INFO:--进入我投标的借款页面
2018-07-09 19:35:11,942 - record_log.py[line:33]-fuc:_console - INFO:--搜索框中输入内容
2018-07-09 19:35:12,058 - record_log.py[line:33]-fuc:_console - INFO:--返回我的投标借款内容
2018-07-09 19:35:12,455 - record_log.py[line:33]-fuc:_console - INFO:--退出
