2018-07-09 19:31:03,286 - record_log.py[line:33]-fuc:_console - INFO:--点击登陆，进入登陆页面
2018-07-09 19:31:03,723 - record_log.py[line:33]-fuc:_console - INFO:--登录页面输入用户名和密码
2018-07-09 19:31:03,876 - record_log.py[line:33]-fuc:_console - INFO:--输入验证码
2018-07-09 19:31:04,210 - record_log.py[line:33]-fuc:_console - INFO:--点击登陆按钮，用户登陆
2018-07-09 19:31:04,968 - record_log.py[line:33]-fuc:_console - INFO:--进入我投标的借款页面
2018-07-09 19:31:05,327 - record_log.py[line:33]-fuc:_console - INFO:--获取货款列表信息
2018-07-09 19:31:06,044 - record_log.py[line:33]-fuc:_console - INFO:--后端管理员登陆页面，输入用户名和密码
2018-07-09 19:31:06,205 - record_log.py[line:33]-fuc:_console - INFO:--后端页面，输入验证码
2018-07-09 19:31:06,514 - record_log.py[line:33]-fuc:_console - INFO:--点击后端登陆按钮
2018-07-09 19:31:07,298 - record_log.py[line:33]-fuc:_console - INFO:--输入用户名和密码
2018-07-09 19:31:07,650 - record_log.py[line:33]-fuc:_console - INFO:--点击前端登陆，直接登陆
2018-07-09 19:31:08,117 - record_log.py[line:33]-fuc:_console - INFO:--进入我要投资页面
2018-07-09 19:31:08,534 - record_log.py[line:33]-fuc:_console - INFO:--获取所有质押标title信息
2018-07-09 19:31:08,898 - record_log.py[line:33]-fuc:_console - INFO:--获取所有抵押标title信息
2018-07-09 19:31:09,343 - record_log.py[line:33]-fuc:_console - INFO:--获取所有质押标title信息
2018-07-09 19:31:09,343 - record_log.py[line:33]-fuc:_console - INFO:--获取我要投资页面所有标的title信息
2018-07-09 19:31:09,351 - record_log.py[line:33]-fuc:_console - INFO:--获取数据库所有标的title信息
2018-07-09 19:31:09,593 - record_log.py[line:33]-fuc:_console - INFO:--退出
2018-07-09 19:31:10,334 - record_log.py[line:33]-fuc:_console - INFO:--点击登陆，进入登陆页面
2018-07-09 19:31:10,869 - record_log.py[line:33]-fuc:_console - INFO:--登录页面输入用户名和密码
2018-07-09 19:31:11,004 - record_log.py[line:33]-fuc:_console - INFO:--输入验证码
2018-07-09 19:31:11,277 - record_log.py[line:33]-fuc:_console - INFO:--点击登陆按钮，用户登陆
2018-07-09 19:31:11,424 - record_log.py[line:33]-fuc:_console - INFO:--进入我要借款页面
2018-07-09 19:31:11,957 - record_log.py[line:33]-fuc:_console - INFO:--进入发布抵押标页面
2018-07-09 19:31:12,824 - record_log.py[line:33]-fuc:_console - INFO:--输入主题内容
2018-07-09 19:31:13,060 - record_log.py[line:33]-fuc:_console - INFO:--输入年利率
2018-07-09 19:31:13,342 - record_log.py[line:33]-fuc:_console - INFO:--输入借款金额
2018-07-09 19:31:13,465 - record_log.py[line:33]-fuc:_console - INFO:--选择借款内容
2018-07-09 19:31:13,583 - record_log.py[line:33]-fuc:_console - INFO:--选择借款类型
2018-07-09 19:31:13,663 - record_log.py[line:33]-fuc:_console - INFO:--选择还款类容
2018-07-09 19:31:13,759 - record_log.py[line:33]-fuc:_console - INFO:--选择有效时间
2018-07-09 19:31:13,868 - record_log.py[line:33]-fuc:_console - INFO:--选择最低投标金额
2018-07-09 19:31:13,948 - record_log.py[line:33]-fuc:_console - INFO:--选择最高投标金额
2018-07-09 19:31:27,789 - record_log.py[line:33]-fuc:_console - INFO:--获取并输入验证码
2018-07-09 19:31:28,265 - record_log.py[line:33]-fuc:_console - INFO:--点击“确认投标”按钮
2018-07-09 19:31:28,554 - record_log.py[line:33]-fuc:_console - INFO:--点击“退出”按钮
2018-07-09 19:31:29,105 - record_log.py[line:33]-fuc:_console - INFO:--后端管理员登陆页面，输入用户名和密码
2018-07-09 19:31:29,372 - record_log.py[line:33]-fuc:_console - INFO:--后端页面，输入验证码
2018-07-09 19:31:29,650 - record_log.py[line:33]-fuc:_console - INFO:--点击后端登陆按钮
2018-07-09 19:31:34,417 - record_log.py[line:33]-fuc:_console - INFO:--输入用户名和密码
2018-07-09 19:31:34,817 - record_log.py[line:33]-fuc:_console - INFO:--点击前端登陆，直接登陆
2018-07-09 19:31:35,195 - record_log.py[line:33]-fuc:_console - INFO:--进入我要投资页面
2018-07-09 19:31:35,484 - record_log.py[line:33]-fuc:_console - INFO:--选择质押标
2018-07-09 19:31:36,054 - record_log.py[line:33]-fuc:_console - INFO:--点击立即投标
2018-07-09 19:31:39,073 - record_log.py[line:33]-fuc:_console - INFO:--进入我投标的借款页面
2018-07-09 19:31:39,600 - record_log.py[line:33]-fuc:_console - INFO:--搜索框中输入内容
2018-07-09 19:31:39,706 - record_log.py[line:33]-fuc:_console - INFO:--返回我的投标借款内容
2018-07-09 19:31:40,070 - record_log.py[line:33]-fuc:_console - INFO:--退出
2018-07-09 19:31:40,847 - record_log.py[line:33]-fuc:_console - INFO:--点击登陆，进入登陆页面
2018-07-09 19:31:41,236 - record_log.py[line:33]-fuc:_console - INFO:--登录页面输入用户名和密码
2018-07-09 19:31:41,389 - record_log.py[line:33]-fuc:_console - INFO:--输入验证码
2018-07-09 19:31:41,836 - record_log.py[line:33]-fuc:_console - INFO:--点击登陆按钮，用户登陆
2018-07-09 19:31:41,952 - record_log.py[line:33]-fuc:_console - INFO:--进入我要借款页面
2018-07-09 19:31:42,503 - record_log.py[line:33]-fuc:_console - INFO:--进入发布抵押标页面
2018-07-09 19:31:43,302 - record_log.py[line:33]-fuc:_console - INFO:--输入主题内容
2018-07-09 19:31:43,444 - record_log.py[line:33]-fuc:_console - INFO:--输入年利率
2018-07-09 19:31:43,655 - record_log.py[line:33]-fuc:_console - INFO:--输入借款金额
2018-07-09 19:31:43,762 - record_log.py[line:33]-fuc:_console - INFO:--选择借款内容
2018-07-09 19:31:43,882 - record_log.py[line:33]-fuc:_console - INFO:--选择借款类型
2018-07-09 19:31:43,960 - record_log.py[line:33]-fuc:_console - INFO:--选择还款类容
2018-07-09 19:31:44,062 - record_log.py[line:33]-fuc:_console - INFO:--选择有效时间
2018-07-09 19:31:44,169 - record_log.py[line:33]-fuc:_console - INFO:--选择最低投标金额
2018-07-09 19:31:44,248 - record_log.py[line:33]-fuc:_console - INFO:--选择最高投标金额
2018-07-09 19:31:57,746 - record_log.py[line:33]-fuc:_console - INFO:--获取并输入验证码
2018-07-09 19:31:58,147 - record_log.py[line:33]-fuc:_console - INFO:--点击“确认投标”按钮
2018-07-09 19:31:58,445 - record_log.py[line:33]-fuc:_console - INFO:--点击“退出”按钮
2018-07-09 19:31:58,989 - record_log.py[line:33]-fuc:_console - INFO:--后端管理员登陆页面，输入用户名和密码
2018-07-09 19:31:59,202 - record_log.py[line:33]-fuc:_console - INFO:--后端页面，输入验证码
2018-07-09 19:31:59,489 - record_log.py[line:33]-fuc:_console - INFO:--点击后端登陆按钮
