2018-07-10 09:43:33,855 - record_log.py[line:33]-fuc:_console - INFO:--点击登陆，进入登陆页面
2018-07-10 09:43:34,941 - record_log.py[line:33]-fuc:_console - INFO:--登录页面输入用户名和密码
2018-07-10 09:43:35,068 - record_log.py[line:33]-fuc:_console - INFO:--输入验证码
2018-07-10 09:43:41,905 - record_log.py[line:33]-fuc:_console - INFO:--点击登陆按钮，用户登陆
2018-07-10 09:43:58,683 - record_log.py[line:33]-fuc:_console - INFO:--进入我投标的借款页面
2018-07-10 09:43:59,029 - record_log.py[line:33]-fuc:_console - INFO:--获取货款列表信息
2018-07-10 09:44:00,798 - record_log.py[line:33]-fuc:_console - INFO:--后端管理员登陆页面，输入用户名和密码
2018-07-10 09:44:01,601 - record_log.py[line:33]-fuc:_console - INFO:--后端页面，输入验证码
2018-07-10 09:44:06,963 - record_log.py[line:33]-fuc:_console - INFO:--点击后端登陆按钮
2018-07-10 09:44:23,634 - record_log.py[line:33]-fuc:_console - INFO:--进入投资记录
2018-07-10 09:44:23,952 - record_log.py[line:33]-fuc:_console - INFO:--搜索用户的投标操作信息
2018-07-10 09:44:24,078 - record_log.py[line:33]-fuc:_console - INFO:--获取当前用户的投标信息
2018-07-10 09:44:28,771 - record_log.py[line:33]-fuc:_console - INFO:--输入用户名和密码
2018-07-10 09:44:34,137 - record_log.py[line:33]-fuc:_console - INFO:--点击前端登陆，直接登陆
2018-07-10 09:44:39,575 - record_log.py[line:33]-fuc:_console - INFO:--进入我要投资页面
2018-07-10 09:44:45,055 - record_log.py[line:33]-fuc:_console - INFO:--获取所有质押标title信息
2018-07-10 09:44:50,547 - record_log.py[line:33]-fuc:_console - INFO:--获取所有抵押标title信息
2018-07-10 09:44:55,971 - record_log.py[line:33]-fuc:_console - INFO:--获取所有质押标title信息
2018-07-10 09:44:55,971 - record_log.py[line:33]-fuc:_console - INFO:--获取我要投资页面所有标的title信息
2018-07-10 09:44:55,979 - record_log.py[line:33]-fuc:_console - INFO:--获取数据库所有标的title信息
2018-07-10 09:45:01,294 - record_log.py[line:33]-fuc:_console - INFO:--退出
2018-07-10 09:45:07,043 - record_log.py[line:33]-fuc:_console - INFO:--点击登陆，进入登陆页面
2018-07-10 09:45:07,458 - record_log.py[line:33]-fuc:_console - INFO:--登录页面输入用户名和密码
2018-07-10 09:45:07,584 - record_log.py[line:33]-fuc:_console - INFO:--输入验证码
2018-07-10 09:45:12,908 - record_log.py[line:33]-fuc:_console - INFO:--点击登陆按钮，用户登陆
2018-07-10 09:45:18,000 - record_log.py[line:33]-fuc:_console - INFO:--进入我要借款页面
2018-07-10 09:45:23,487 - record_log.py[line:33]-fuc:_console - INFO:--进入发布抵押标页面
2018-07-10 09:45:23,832 - record_log.py[line:33]-fuc:_console - INFO:--输入主题内容
2018-07-10 09:45:23,959 - record_log.py[line:33]-fuc:_console - INFO:--输入年利率
2018-07-10 09:45:24,102 - record_log.py[line:33]-fuc:_console - INFO:--输入借款金额
2018-07-10 09:45:24,213 - record_log.py[line:33]-fuc:_console - INFO:--选择借款内容
2018-07-10 09:45:24,324 - record_log.py[line:33]-fuc:_console - INFO:--选择借款类型
2018-07-10 09:45:24,432 - record_log.py[line:33]-fuc:_console - INFO:--选择还款类容
2018-07-10 09:45:24,540 - record_log.py[line:33]-fuc:_console - INFO:--选择有效时间
2018-07-10 09:45:24,668 - record_log.py[line:33]-fuc:_console - INFO:--选择最低投标金额
2018-07-10 09:45:24,746 - record_log.py[line:33]-fuc:_console - INFO:--选择最高投标金额
2018-07-10 09:45:31,020 - record_log.py[line:33]-fuc:_console - INFO:--输入用户名和密码
2018-07-10 09:45:36,404 - record_log.py[line:33]-fuc:_console - INFO:--点击前端登陆，直接登陆
2018-07-10 09:45:41,786 - record_log.py[line:33]-fuc:_console - INFO:--进入我要投资页面
2018-07-10 09:45:47,113 - record_log.py[line:33]-fuc:_console - INFO:--选择质押标
2018-07-10 09:45:57,644 - record_log.py[line:33]-fuc:_console - INFO:--点击立即投标
2018-07-10 09:46:13,892 - record_log.py[line:33]-fuc:_console - INFO:--进入我投标的借款页面
2018-07-10 09:46:14,563 - record_log.py[line:33]-fuc:_console - INFO:--搜索框中输入内容
2018-07-10 09:46:14,668 - record_log.py[line:33]-fuc:_console - INFO:--返回我的投标借款内容
2018-07-10 09:46:14,915 - record_log.py[line:33]-fuc:_console - INFO:--退出
2018-07-10 09:46:15,700 - record_log.py[line:33]-fuc:_console - INFO:--点击登陆，进入登陆页面
2018-07-10 09:46:16,143 - record_log.py[line:33]-fuc:_console - INFO:--登录页面输入用户名和密码
2018-07-10 09:46:16,309 - record_log.py[line:33]-fuc:_console - INFO:--输入验证码
2018-07-10 09:46:16,652 - record_log.py[line:33]-fuc:_console - INFO:--点击登陆按钮，用户登陆
2018-07-10 09:46:16,781 - record_log.py[line:33]-fuc:_console - INFO:--进入我要借款页面
2018-07-10 09:46:17,192 - record_log.py[line:33]-fuc:_console - INFO:--进入发布抵押标页面
2018-07-10 09:46:17,823 - record_log.py[line:33]-fuc:_console - INFO:--输入主题内容
2018-07-10 09:46:17,967 - record_log.py[line:33]-fuc:_console - INFO:--输入年利率
2018-07-10 09:46:18,166 - record_log.py[line:33]-fuc:_console - INFO:--输入借款金额
2018-07-10 09:46:18,328 - record_log.py[line:33]-fuc:_console - INFO:--选择借款内容
2018-07-10 09:46:18,484 - record_log.py[line:33]-fuc:_console - INFO:--选择借款类型
2018-07-10 09:46:18,558 - record_log.py[line:33]-fuc:_console - INFO:--选择还款类容
2018-07-10 09:46:18,657 - record_log.py[line:33]-fuc:_console - INFO:--选择有效时间
2018-07-10 09:46:18,768 - record_log.py[line:33]-fuc:_console - INFO:--选择最低投标金额
2018-07-10 09:46:18,850 - record_log.py[line:33]-fuc:_console - INFO:--选择最高投标金额
2018-07-10 09:46:32,821 - record_log.py[line:33]-fuc:_console - INFO:--获取并输入验证码
2018-07-10 09:46:33,327 - record_log.py[line:33]-fuc:_console - INFO:--点击“确认投标”按钮
2018-07-10 09:46:33,626 - record_log.py[line:33]-fuc:_console - INFO:--点击“退出”按钮
2018-07-10 09:46:34,188 - record_log.py[line:33]-fuc:_console - INFO:--后端管理员登陆页面，输入用户名和密码
2018-07-10 09:46:34,399 - record_log.py[line:33]-fuc:_console - INFO:--后端页面，输入验证码
2018-07-10 09:46:34,699 - record_log.py[line:33]-fuc:_console - INFO:--点击后端登陆按钮
